<?xml version="1.0" encoding="UTF-8"?>
<!-- Generated by org.testng.reporters.JUnitReportReporter -->
<testsuite skipped="0" hostname="INW1PF1KTKR8" name="com.Mytheresa.Login" tests="1" failures="0" timestamp="2020-01-13T21:06:50 IST" time="6.342" errors="0">
  <testcase name="loginToApplication" time="6.342" classname="com.Mytheresa.Login"/>
</testsuite> <!-- com.Mytheresa.Login -->
